C:\Users\Mimic Technologies\Desktop\ModifiedMantis\BRL_Master-master\SUI_win RII\Mantis_Client\Release\cl.command.1.tlog
C:\Users\Mimic Technologies\Desktop\ModifiedMantis\BRL_Master-master\SUI_win RII\Mantis_Client\Release\CL.read.1.tlog
C:\Users\Mimic Technologies\Desktop\ModifiedMantis\BRL_Master-master\SUI_win RII\Mantis_Client\Release\CL.write.1.tlog
C:\USERS\MIMIC TECHNOLOGIES\DESKTOP\MODIFIEDMANTIS\BRL_MASTER-MASTER\SUI_WIN RII\MANTIS_CLIENT\RELEASE\COMM.OBJ
C:\USERS\MIMIC TECHNOLOGIES\DESKTOP\MODIFIEDMANTIS\BRL_MASTER-MASTER\SUI_WIN RII\MANTIS_CLIENT\RELEASE\COMMONDS.OBJ
C:\USERS\MIMIC TECHNOLOGIES\DESKTOP\MODIFIEDMANTIS\BRL_MASTER-MASTER\SUI_WIN RII\MANTIS_CLIENT\RELEASE\COORDINATESYSTEMS.OBJ
C:\Users\Mimic Technologies\Desktop\ModifiedMantis\BRL_Master-master\SUI_win RII\Mantis_Client\Release\link.command.1.tlog
C:\Users\Mimic Technologies\Desktop\ModifiedMantis\BRL_Master-master\SUI_win RII\Mantis_Client\Release\link.read.1.tlog
C:\Users\Mimic Technologies\Desktop\ModifiedMantis\BRL_Master-master\SUI_win RII\Mantis_Client\Release\link.write.1.tlog
C:\USERS\MIMIC TECHNOLOGIES\DESKTOP\MODIFIEDMANTIS\BRL_MASTER-MASTER\SUI_WIN RII\MANTIS_CLIENT\RELEASE\MAIN.OBJ
C:\USERS\MIMIC TECHNOLOGIES\DESKTOP\MODIFIEDMANTIS\BRL_MASTER-MASTER\SUI_WIN RII\MANTIS_CLIENT\RELEASE\MANTIS_CLIENT.EXE.INTERMEDIATE.MANIFEST
C:\USERS\MIMIC TECHNOLOGIES\DESKTOP\MODIFIEDMANTIS\BRL_MASTER-MASTER\SUI_WIN RII\MANTIS_CLIENT\RELEASE\MANTIS_CLIENT.OBJ
C:\Users\Mimic Technologies\Desktop\ModifiedMantis\BRL_Master-master\SUI_win RII\Mantis_Client\Release\Mantis_Client.write.1.tlog
C:\Users\Mimic Technologies\Desktop\ModifiedMantis\BRL_Master-master\SUI_win RII\Mantis_Client\Release\mt.command.1.tlog
C:\Users\Mimic Technologies\Desktop\ModifiedMantis\BRL_Master-master\SUI_win RII\Mantis_Client\Release\mt.read.1.tlog
C:\Users\Mimic Technologies\Desktop\ModifiedMantis\BRL_Master-master\SUI_win RII\Mantis_Client\Release\mt.write.1.tlog
C:\USERS\MIMIC TECHNOLOGIES\DESKTOP\MODIFIEDMANTIS\BRL_MASTER-MASTER\SUI_WIN RII\MANTIS_CLIENT\RELEASE\PRACTICALSOCKET.OBJ
C:\USERS\MIMIC TECHNOLOGIES\DESKTOP\MODIFIEDMANTIS\BRL_MASTER-MASTER\SUI_WIN RII\MANTIS_CLIENT\RELEASE\STDAFX.OBJ
C:\USERS\MIMIC TECHNOLOGIES\DESKTOP\MODIFIEDMANTIS\BRL_MASTER-MASTER\SUI_WIN RII\MANTIS_CLIENT\RELEASE\VC100.PDB
C:\USERS\MIMIC TECHNOLOGIES\DESKTOP\MODIFIEDMANTIS\BRL_MASTER-MASTER\SUI_WIN RII\MANTIS_CLIENT\RELEASE\WIN32\MANTIS_CLIENT.EXE
C:\Users\Mimic Technologies\Desktop\ModifiedMantis\BRL_Master-master\SUI_win RII\Mantis_Client\Release\Win32\Mantis_Client.exp
C:\Users\Mimic Technologies\Desktop\ModifiedMantis\BRL_Master-master\SUI_win RII\Mantis_Client\Release\Win32\Mantis_Client.lib
