Build started 7/2/2025 4:51:31 PM.
     1>Project "C:\Users\Mimic Technologies\Desktop\ModifiedMantis\BRL_Master-master\SUI_win RII\Mantis_Client\Mantis_Client.vcxproj" on node 2 (build target(s)).
     1>InitializeBuildStatus:
         Creating "Release\Mantis_Client.unsuccessfulbuild" because "AlwaysCreate" was specified.
       ClCompile:
         C:\Program Files (x86)\Microsoft Visual Studio 10.0\VC\bin\CL.exe /c /IC:\OpenHaptics\Academic\3.2\include /IC:\OpenHaptics\Academic\3.2\utilities\include /I.\include /Zi /nologo /W3 /WX- /Oy- /D WIN32 /D NDEBUG /D _CONSOLE /D _MBCS /Gm- /EHsc /MD /GS /fp:precise /Zc:wchar_t /Zc:forScope /Fo"Release\\" /Fd"Release\vc100.pdb" /Gd /TP /analyze- /errorReport:prompt src\mantis_client.cpp
         mantis_client.cpp
       Link:
         C:\Program Files (x86)\Microsoft Visual Studio 10.0\VC\bin\link.exe /ERRORREPORT:PROMPT /OUT:"Release\Win32\Mantis_Client.exe" /INCREMENTAL:NO /NOLOGO /LIBPATH:"C:\Users\Mimic Technologies\Desktop\Mantis_Client\Mantis_Client\lib" /LIBPATH:C:\OpenHaptics\Academic\3.2\utilities\lib\Win32\Release /LIBPATH:C:\OpenHaptics\Academic\3.2\lib\Win32\Release C:\OpenHaptics\Academic\3.2\lib\Win32\ReleaseAcademicEdition\hd.lib "C:\Users\Mimic Technologies\Desktop\Mantis_Client\Mantis_Client\lib\MantisDuoController.lib" C:\OpenHaptics\Academic\3.2\utilities\lib\Win32\ReleaseAcademicEdition\hdu.lib WS2_32.lib kernel32.lib user32.lib gdi32.lib winspool.lib comdlg32.lib advapi32.lib shell32.lib ole32.lib oleaut32.lib uuid.lib odbc32.lib odbccp32.lib /MANIFEST /ManifestFile:"Release\Mantis_Client.exe.intermediate.manifest" /MANIFESTUAC:"level='asInvoker' uiAccess='false'" /PDB:"C:\Users\Mimic Technologies\Desktop\ModifiedMantis\BRL_Master-master\SUI_win RII\Mantis_Client\Release\Win32\Mantis_Client.pdb" /SUBSYSTEM:CONSOLE /OPT:REF /OPT:ICF /TLBID:1 /DYNAMICBASE /NXCOMPAT /IMPLIB:"Release\Win32\Mantis_Client.lib" /MACHINE:X86 Release\CommonDS.obj
         Release\PracticalSocket.obj
         Release\coordinateSystems.obj
         Release\mantis_client.obj
         Release\comm.obj
         Release\main.obj
         Release\stdafx.obj
            Creating library Release\Win32\Mantis_Client.lib and object Release\Win32\Mantis_Client.exp
         Mantis_Client.vcxproj -> C:\Users\Mimic Technologies\Desktop\ModifiedMantis\BRL_Master-master\SUI_win RII\Mantis_Client\Release\Win32\Mantis_Client.exe
       Manifest:
         C:\Program Files (x86)\Microsoft SDKs\Windows\v7.0A\bin\mt.exe /nologo /verbose /outputresource:"Release\Win32\Mantis_Client.exe;#1" /manifest Release\Mantis_Client.exe.intermediate.manifest
       FinalizeBuildStatus:
         Deleting file "Release\Mantis_Client.unsuccessfulbuild".
         Touching "Release\Mantis_Client.lastbuildstate".
     1>Done Building Project "C:\Users\Mimic Technologies\Desktop\ModifiedMantis\BRL_Master-master\SUI_win RII\Mantis_Client\Mantis_Client.vcxproj" (build target(s)).

Build succeeded.

Time Elapsed 00:00:00.65
